::1 - - [03/Feb/2020:21:09:38 +0000] "POST /api/v1/user/5e348e77b171909808662aa1 HTTP/1.1" 404 176 "-" "Mozilla/5.0 (Windows NT 10.0; Win64; x64) AppleWebKit/537.36 (KHTML, like Gecko) Chrome/79.0.3945.130 Safari/537.36"
::1 - - [03/Feb/2020:21:09:43 +0000] "PUT /api/v1/user/5e348e77b171909808662aa1 HTTP/1.1" 200 15 "-" "Mozilla/5.0 (Windows NT 10.0; Win64; x64) AppleWebKit/537.36 (KHTML, like Gecko) Chrome/79.0.3945.130 Safari/537.36"
::1 - - [03/Feb/2020:21:10:50 +0000] "GET /api/v1/user/5e348e77b171909808662aa1 HTTP/1.1" 200 131 "http://localhost:4200/profile" "Mozilla/5.0 (Windows NT 10.0; Win64; x64) AppleWebKit/537.36 (KHTML, like Gecko) Chrome/79.0.3945.130 Safari/537.36"
::1 - - [03/Feb/2020:21:10:50 +0000] "GET /api/v1/topic/findall HTTP/1.1" 304 - "http://localhost:4200/profile" "Mozilla/5.0 (Windows NT 10.0; Win64; x64) AppleWebKit/537.36 (KHTML, like Gecko) Chrome/79.0.3945.130 Safari/537.36"
::1 - - [03/Feb/2020:21:11:04 +0000] "PUT /api/v1/user/5e348e77b171909808662aa1 HTTP/1.1" 200 15 "-" "Mozilla/5.0 (Windows NT 10.0; Win64; x64) AppleWebKit/537.36 (KHTML, like Gecko) Chrome/79.0.3945.130 Safari/537.36"
::1 - - [03/Feb/2020:21:11:22 +0000] "GET /api/v1/topic/findall HTTP/1.1" 304 - "http://localhost:4200/home" "Mozilla/5.0 (Windows NT 10.0; Win64; x64) AppleWebKit/537.36 (KHTML, like Gecko) Chrome/79.0.3945.130 Safari/537.36"
::1 - - [03/Feb/2020:21:11:22 +0000] "GET /api/v1/posts/feed/5e348e77b171909808662aa1 HTTP/1.1" 304 - "http://localhost:4200/home" "Mozilla/5.0 (Windows NT 10.0; Win64; x64) AppleWebKit/537.36 (KHTML, like Gecko) Chrome/79.0.3945.130 Safari/537.36"
::1 - - [03/Feb/2020:21:11:22 +0000] "GET /api/v1/topic/findall HTTP/1.1" 304 - "http://localhost:4200/home" "Mozilla/5.0 (Windows NT 10.0; Win64; x64) AppleWebKit/537.36 (KHTML, like Gecko) Chrome/79.0.3945.130 Safari/537.36"
::1 - - [03/Feb/2020:21:11:23 +0000] "GET /api/v1/topic/findall HTTP/1.1" 304 - "http://localhost:4200/profile" "Mozilla/5.0 (Windows NT 10.0; Win64; x64) AppleWebKit/537.36 (KHTML, like Gecko) Chrome/79.0.3945.130 Safari/537.36"
::1 - - [03/Feb/2020:21:11:23 +0000] "GET /api/v1/user/5e348e77b171909808662aa1 HTTP/1.1" 200 126 "http://localhost:4200/profile" "Mozilla/5.0 (Windows NT 10.0; Win64; x64) AppleWebKit/537.36 (KHTML, like Gecko) Chrome/79.0.3945.130 Safari/537.36"
::1 - - [03/Feb/2020:21:12:00 +0000] "PUT /api/v1/user/5e348e77b171909808662aa1 HTTP/1.1" 200 16 "-" "Mozilla/5.0 (Windows NT 10.0; Win64; x64) AppleWebKit/537.36 (KHTML, like Gecko) Chrome/79.0.3945.130 Safari/537.36"
::1 - - [03/Feb/2020:21:12:34 +0000] "PUT /api/v1/user/5e348e77b171909808662aa1 HTTP/1.1" 200 16 "-" "Mozilla/5.0 (Windows NT 10.0; Win64; x64) AppleWebKit/537.36 (KHTML, like Gecko) Chrome/79.0.3945.130 Safari/537.36"
::1 - - [03/Feb/2020:21:13:09 +0000] "PUT /api/v1/user/5e348e77b171909808662aa1 HTTP/1.1" 200 16 "-" "Mozilla/5.0 (Windows NT 10.0; Win64; x64) AppleWebKit/537.36 (KHTML, like Gecko) Chrome/79.0.3945.130 Safari/537.36"
::1 - - [03/Feb/2020:21:14:08 +0000] "GET /api/v1/user/5e348e77b171909808662aa1 HTTP/1.1" 200 126 "http://localhost:4200/profile" "Mozilla/5.0 (Windows NT 10.0; Win64; x64) AppleWebKit/537.36 (KHTML, like Gecko) Chrome/79.0.3945.130 Safari/537.36"
::1 - - [03/Feb/2020:21:14:08 +0000] "GET /api/v1/topic/findall HTTP/1.1" 200 434 "http://localhost:4200/profile" "Mozilla/5.0 (Windows NT 10.0; Win64; x64) AppleWebKit/537.36 (KHTML, like Gecko) Chrome/79.0.3945.130 Safari/537.36"
::1 - - [03/Feb/2020:21:14:59 +0000] "GET /api/v1/user/5e348e77b171909808662aa1 HTTP/1.1" 200 126 "http://localhost:4200/profile" "Mozilla/5.0 (Windows NT 10.0; Win64; x64) AppleWebKit/537.36 (KHTML, like Gecko) Chrome/79.0.3945.130 Safari/537.36"
::1 - - [03/Feb/2020:21:14:59 +0000] "GET /api/v1/topic/findall HTTP/1.1" 200 434 "http://localhost:4200/profile" "Mozilla/5.0 (Windows NT 10.0; Win64; x64) AppleWebKit/537.36 (KHTML, like Gecko) Chrome/79.0.3945.130 Safari/537.36"
::1 - - [03/Feb/2020:21:15:20 +0000] "GET /api/v1/user/5e348e77b171909808662aa1 HTTP/1.1" 200 126 "http://localhost:4200/profile" "Mozilla/5.0 (Windows NT 10.0; Win64; x64) AppleWebKit/537.36 (KHTML, like Gecko) Chrome/79.0.3945.130 Safari/537.36"
::1 - - [03/Feb/2020:21:15:20 +0000] "GET /api/v1/topic/findall HTTP/1.1" 200 434 "http://localhost:4200/profile" "Mozilla/5.0 (Windows NT 10.0; Win64; x64) AppleWebKit/537.36 (KHTML, like Gecko) Chrome/79.0.3945.130 Safari/537.36"
::1 - - [03/Feb/2020:21:15:36 +0000] "GET /api/v1/user/5e348e77b171909808662aa1 HTTP/1.1" 200 126 "http://localhost:4200/profile" "Mozilla/5.0 (Windows NT 10.0; Win64; x64) AppleWebKit/537.36 (KHTML, like Gecko) Chrome/79.0.3945.130 Safari/537.36"
::1 - - [03/Feb/2020:21:15:36 +0000] "GET /api/v1/topic/findall HTTP/1.1" 200 434 "http://localhost:4200/profile" "Mozilla/5.0 (Windows NT 10.0; Win64; x64) AppleWebKit/537.36 (KHTML, like Gecko) Chrome/79.0.3945.130 Safari/537.36"
::1 - - [03/Feb/2020:21:15:41 +0000] "GET /api/v1/user/5e348e77b171909808662aa1 HTTP/1.1" 200 126 "http://localhost:4200/profile" "Mozilla/5.0 (Windows NT 10.0; Win64; x64) AppleWebKit/537.36 (KHTML, like Gecko) Chrome/79.0.3945.130 Safari/537.36"
::1 - - [03/Feb/2020:21:15:41 +0000] "GET /api/v1/topic/findall HTTP/1.1" 200 434 "http://localhost:4200/profile" "Mozilla/5.0 (Windows NT 10.0; Win64; x64) AppleWebKit/537.36 (KHTML, like Gecko) Chrome/79.0.3945.130 Safari/537.36"
::1 - - [03/Feb/2020:21:16:15 +0000] "GET /api/v1/topic/findall HTTP/1.1" 200 434 "http://localhost:4200/profile" "Mozilla/5.0 (Windows NT 10.0; Win64; x64) AppleWebKit/537.36 (KHTML, like Gecko) Chrome/79.0.3945.130 Safari/537.36"
::1 - - [03/Feb/2020:21:16:15 +0000] "GET /api/v1/user/5e348e77b171909808662aa1 HTTP/1.1" 200 126 "http://localhost:4200/profile" "Mozilla/5.0 (Windows NT 10.0; Win64; x64) AppleWebKit/537.36 (KHTML, like Gecko) Chrome/79.0.3945.130 Safari/537.36"
::1 - - [03/Feb/2020:21:16:22 +0000] "GET /api/v1/user/5e348e77b171909808662aa1 HTTP/1.1" 200 126 "http://localhost:4200/profile" "Mozilla/5.0 (Windows NT 10.0; Win64; x64) AppleWebKit/537.36 (KHTML, like Gecko) Chrome/79.0.3945.130 Safari/537.36"
::1 - - [03/Feb/2020:21:16:22 +0000] "GET /api/v1/topic/findall HTTP/1.1" 200 434 "http://localhost:4200/profile" "Mozilla/5.0 (Windows NT 10.0; Win64; x64) AppleWebKit/537.36 (KHTML, like Gecko) Chrome/79.0.3945.130 Safari/537.36"
::1 - - [03/Feb/2020:21:16:33 +0000] "GET /api/v1/user/5e348e77b171909808662aa1 HTTP/1.1" 200 126 "http://localhost:4200/profile" "Mozilla/5.0 (Windows NT 10.0; Win64; x64) AppleWebKit/537.36 (KHTML, like Gecko) Chrome/79.0.3945.130 Safari/537.36"
::1 - - [03/Feb/2020:21:16:33 +0000] "GET /api/v1/topic/findall HTTP/1.1" 200 434 "http://localhost:4200/profile" "Mozilla/5.0 (Windows NT 10.0; Win64; x64) AppleWebKit/537.36 (KHTML, like Gecko) Chrome/79.0.3945.130 Safari/537.36"
::1 - - [03/Feb/2020:21:16:52 +0000] "GET /api/v1/user/5e348e77b171909808662aa1 HTTP/1.1" 200 126 "http://localhost:4200/profile" "Mozilla/5.0 (Windows NT 10.0; Win64; x64) AppleWebKit/537.36 (KHTML, like Gecko) Chrome/79.0.3945.130 Safari/537.36"
::1 - - [03/Feb/2020:21:16:52 +0000] "GET /api/v1/topic/findall HTTP/1.1" 200 434 "http://localhost:4200/profile" "Mozilla/5.0 (Windows NT 10.0; Win64; x64) AppleWebKit/537.36 (KHTML, like Gecko) Chrome/79.0.3945.130 Safari/537.36"
::1 - - [03/Feb/2020:21:16:56 +0000] "GET /api/v1/user/5e348e77b171909808662aa1 HTTP/1.1" 200 126 "http://localhost:4200/profile" "Mozilla/5.0 (Windows NT 10.0; Win64; x64) AppleWebKit/537.36 (KHTML, like Gecko) Chrome/79.0.3945.130 Safari/537.36"
::1 - - [03/Feb/2020:21:16:56 +0000] "GET /api/v1/topic/findall HTTP/1.1" 200 434 "http://localhost:4200/profile" "Mozilla/5.0 (Windows NT 10.0; Win64; x64) AppleWebKit/537.36 (KHTML, like Gecko) Chrome/79.0.3945.130 Safari/537.36"
::1 - - [03/Feb/2020:21:17:00 +0000] "GET /api/v1/user/5e348e77b171909808662aa1 HTTP/1.1" 200 126 "http://localhost:4200/profile" "Mozilla/5.0 (Windows NT 10.0; Win64; x64) AppleWebKit/537.36 (KHTML, like Gecko) Chrome/79.0.3945.130 Safari/537.36"
::1 - - [03/Feb/2020:21:17:00 +0000] "GET /api/v1/topic/findall HTTP/1.1" 200 434 "http://localhost:4200/profile" "Mozilla/5.0 (Windows NT 10.0; Win64; x64) AppleWebKit/537.36 (KHTML, like Gecko) Chrome/79.0.3945.130 Safari/537.36"
::1 - - [03/Feb/2020:21:17:12 +0000] "GET /api/v1/user/5e348e77b171909808662aa1 HTTP/1.1" 200 126 "http://localhost:4200/profile" "Mozilla/5.0 (Windows NT 10.0; Win64; x64) AppleWebKit/537.36 (KHTML, like Gecko) Chrome/79.0.3945.130 Safari/537.36"
::1 - - [03/Feb/2020:21:17:12 +0000] "GET /api/v1/topic/findall HTTP/1.1" 200 434 "http://localhost:4200/profile" "Mozilla/5.0 (Windows NT 10.0; Win64; x64) AppleWebKit/537.36 (KHTML, like Gecko) Chrome/79.0.3945.130 Safari/537.36"
::1 - - [03/Feb/2020:21:17:16 +0000] "GET /api/v1/user/5e348e77b171909808662aa1 HTTP/1.1" 200 126 "http://localhost:4200/profile" "Mozilla/5.0 (Windows NT 10.0; Win64; x64) AppleWebKit/537.36 (KHTML, like Gecko) Chrome/79.0.3945.130 Safari/537.36"
::1 - - [03/Feb/2020:21:17:16 +0000] "GET /api/v1/topic/findall HTTP/1.1" 200 434 "http://localhost:4200/profile" "Mozilla/5.0 (Windows NT 10.0; Win64; x64) AppleWebKit/537.36 (KHTML, like Gecko) Chrome/79.0.3945.130 Safari/537.36"
::1 - - [03/Feb/2020:21:17:43 +0000] "GET /api/v1/user/5e348e77b171909808662aa1 HTTP/1.1" 200 126 "http://localhost:4200/profile" "Mozilla/5.0 (Windows NT 10.0; Win64; x64) AppleWebKit/537.36 (KHTML, like Gecko) Chrome/79.0.3945.130 Safari/537.36"
::1 - - [03/Feb/2020:21:17:43 +0000] "GET /api/v1/topic/findall HTTP/1.1" 200 434 "http://localhost:4200/profile" "Mozilla/5.0 (Windows NT 10.0; Win64; x64) AppleWebKit/537.36 (KHTML, like Gecko) Chrome/79.0.3945.130 Safari/537.36"
::1 - - [03/Feb/2020:21:17:54 +0000] "GET /api/v1/user/5e348e77b171909808662aa1 HTTP/1.1" 200 126 "http://localhost:4200/profile" "Mozilla/5.0 (Windows NT 10.0; Win64; x64) AppleWebKit/537.36 (KHTML, like Gecko) Chrome/79.0.3945.130 Safari/537.36"
::1 - - [03/Feb/2020:21:17:54 +0000] "GET /api/v1/topic/findall HTTP/1.1" 200 434 "http://localhost:4200/profile" "Mozilla/5.0 (Windows NT 10.0; Win64; x64) AppleWebKit/537.36 (KHTML, like Gecko) Chrome/79.0.3945.130 Safari/537.36"
::1 - - [03/Feb/2020:21:18:04 +0000] "GET /api/v1/topic/findall HTTP/1.1" 200 434 "http://localhost:4200/" "Mozilla/5.0 (Windows NT 10.0; Win64; x64) AppleWebKit/537.36 (KHTML, like Gecko) Chrome/79.0.3945.130 Safari/537.36"
::1 - - [03/Feb/2020:21:18:04 +0000] "GET /api/v1/topic/findall HTTP/1.1" 200 434 "http://localhost:4200/" "Mozilla/5.0 (Windows NT 10.0; Win64; x64) AppleWebKit/537.36 (KHTML, like Gecko) Chrome/79.0.3945.130 Safari/537.36"
::1 - - [03/Feb/2020:21:18:04 +0000] "GET /api/v1/posts/feed/5e348e77b171909808662aa1 HTTP/1.1" 200 2020 "http://localhost:4200/" "Mozilla/5.0 (Windows NT 10.0; Win64; x64) AppleWebKit/537.36 (KHTML, like Gecko) Chrome/79.0.3945.130 Safari/537.36"
::1 - - [03/Feb/2020:21:18:21 +0000] "GET /api/v1/topic/findall HTTP/1.1" 200 434 "http://localhost:4200/" "Mozilla/5.0 (Windows NT 10.0; Win64; x64) AppleWebKit/537.36 (KHTML, like Gecko) Chrome/79.0.3945.130 Safari/537.36"
::1 - - [03/Feb/2020:21:18:21 +0000] "GET /api/v1/topic/findall HTTP/1.1" 200 434 "http://localhost:4200/" "Mozilla/5.0 (Windows NT 10.0; Win64; x64) AppleWebKit/537.36 (KHTML, like Gecko) Chrome/79.0.3945.130 Safari/537.36"
::1 - - [03/Feb/2020:21:18:21 +0000] "GET /api/v1/posts/feed/5e348e77b171909808662aa1 HTTP/1.1" 200 2020 "http://localhost:4200/" "Mozilla/5.0 (Windows NT 10.0; Win64; x64) AppleWebKit/537.36 (KHTML, like Gecko) Chrome/79.0.3945.130 Safari/537.36"
::1 - - [03/Feb/2020:21:18:24 +0000] "GET /api/v1/topic/findall HTTP/1.1" 200 434 "http://localhost:4200/" "Mozilla/5.0 (Windows NT 10.0; Win64; x64) AppleWebKit/537.36 (KHTML, like Gecko) Chrome/79.0.3945.130 Safari/537.36"
::1 - - [03/Feb/2020:21:18:24 +0000] "GET /api/v1/topic/findall HTTP/1.1" 200 434 "http://localhost:4200/" "Mozilla/5.0 (Windows NT 10.0; Win64; x64) AppleWebKit/537.36 (KHTML, like Gecko) Chrome/79.0.3945.130 Safari/537.36"
::1 - - [03/Feb/2020:21:18:24 +0000] "GET /api/v1/posts/feed/5e348e77b171909808662aa1 HTTP/1.1" 200 2020 "http://localhost:4200/" "Mozilla/5.0 (Windows NT 10.0; Win64; x64) AppleWebKit/537.36 (KHTML, like Gecko) Chrome/79.0.3945.130 Safari/537.36"
::1 - - [03/Feb/2020:21:18:31 +0000] "GET /api/v1/topic/findall HTTP/1.1" 200 434 "http://localhost:4200/" "Mozilla/5.0 (Windows NT 10.0; Win64; x64) AppleWebKit/537.36 (KHTML, like Gecko) Chrome/79.0.3945.130 Safari/537.36"
::1 - - [03/Feb/2020:21:18:31 +0000] "GET /api/v1/topic/findall HTTP/1.1" 200 434 "http://localhost:4200/" "Mozilla/5.0 (Windows NT 10.0; Win64; x64) AppleWebKit/537.36 (KHTML, like Gecko) Chrome/79.0.3945.130 Safari/537.36"
::1 - - [03/Feb/2020:21:18:31 +0000] "GET /api/v1/posts/feed/5e348e77b171909808662aa1 HTTP/1.1" 200 2020 "http://localhost:4200/" "Mozilla/5.0 (Windows NT 10.0; Win64; x64) AppleWebKit/537.36 (KHTML, like Gecko) Chrome/79.0.3945.130 Safari/537.36"
::1 - - [03/Feb/2020:21:18:53 +0000] "GET /api/v1/topic/findall HTTP/1.1" 200 434 "http://localhost:4200/" "Mozilla/5.0 (Windows NT 10.0; Win64; x64) AppleWebKit/537.36 (KHTML, like Gecko) Chrome/79.0.3945.130 Safari/537.36"
::1 - - [03/Feb/2020:21:18:53 +0000] "GET /api/v1/topic/findall HTTP/1.1" 200 434 "http://localhost:4200/" "Mozilla/5.0 (Windows NT 10.0; Win64; x64) AppleWebKit/537.36 (KHTML, like Gecko) Chrome/79.0.3945.130 Safari/537.36"
::1 - - [03/Feb/2020:21:18:53 +0000] "GET /api/v1/posts/feed/5e348e77b171909808662aa1 HTTP/1.1" 200 2020 "http://localhost:4200/" "Mozilla/5.0 (Windows NT 10.0; Win64; x64) AppleWebKit/537.36 (KHTML, like Gecko) Chrome/79.0.3945.130 Safari/537.36"
::1 - - [03/Feb/2020:21:18:54 +0000] "GET /api/v1/user/5e348e77b171909808662aa1 HTTP/1.1" 200 126 "http://localhost:4200/profile" "Mozilla/5.0 (Windows NT 10.0; Win64; x64) AppleWebKit/537.36 (KHTML, like Gecko) Chrome/79.0.3945.130 Safari/537.36"
::1 - - [03/Feb/2020:21:18:54 +0000] "GET /api/v1/topic/findall HTTP/1.1" 200 434 "http://localhost:4200/profile" "Mozilla/5.0 (Windows NT 10.0; Win64; x64) AppleWebKit/537.36 (KHTML, like Gecko) Chrome/79.0.3945.130 Safari/537.36"
::1 - - [03/Feb/2020:21:19:08 +0000] "GET /api/v1/topic/findall HTTP/1.1" 200 434 "http://localhost:4200/" "Mozilla/5.0 (Windows NT 10.0; Win64; x64) AppleWebKit/537.36 (KHTML, like Gecko) Chrome/79.0.3945.130 Safari/537.36"
::1 - - [03/Feb/2020:21:19:08 +0000] "GET /api/v1/posts/feed/5e348e77b171909808662aa1 HTTP/1.1" 200 2020 "http://localhost:4200/" "Mozilla/5.0 (Windows NT 10.0; Win64; x64) AppleWebKit/537.36 (KHTML, like Gecko) Chrome/79.0.3945.130 Safari/537.36"
::1 - - [03/Feb/2020:21:19:08 +0000] "GET /api/v1/topic/findall HTTP/1.1" 200 434 "http://localhost:4200/" "Mozilla/5.0 (Windows NT 10.0; Win64; x64) AppleWebKit/537.36 (KHTML, like Gecko) Chrome/79.0.3945.130 Safari/537.36"
::1 - - [03/Feb/2020:21:19:10 +0000] "GET /api/v1/topic/findall HTTP/1.1" 200 434 "http://localhost:4200/" "Mozilla/5.0 (Windows NT 10.0; Win64; x64) AppleWebKit/537.36 (KHTML, like Gecko) Chrome/79.0.3945.130 Safari/537.36"
::1 - - [03/Feb/2020:21:19:10 +0000] "GET /api/v1/topic/findall HTTP/1.1" 200 434 "http://localhost:4200/" "Mozilla/5.0 (Windows NT 10.0; Win64; x64) AppleWebKit/537.36 (KHTML, like Gecko) Chrome/79.0.3945.130 Safari/537.36"
::1 - - [03/Feb/2020:21:19:10 +0000] "GET /api/v1/posts/feed/5e348e77b171909808662aa1 HTTP/1.1" 200 2020 "http://localhost:4200/" "Mozilla/5.0 (Windows NT 10.0; Win64; x64) AppleWebKit/537.36 (KHTML, like Gecko) Chrome/79.0.3945.130 Safari/537.36"
::1 - - [03/Feb/2020:21:19:16 +0000] "GET /api/v1/topic/findall HTTP/1.1" 200 434 "http://localhost:4200/" "Mozilla/5.0 (Windows NT 10.0; Win64; x64) AppleWebKit/537.36 (KHTML, like Gecko) Chrome/79.0.3945.130 Safari/537.36"
::1 - - [03/Feb/2020:21:19:16 +0000] "GET /api/v1/topic/findall HTTP/1.1" 200 434 "http://localhost:4200/" "Mozilla/5.0 (Windows NT 10.0; Win64; x64) AppleWebKit/537.36 (KHTML, like Gecko) Chrome/79.0.3945.130 Safari/537.36"
::1 - - [03/Feb/2020:21:19:16 +0000] "GET /api/v1/posts/feed/5e348e77b171909808662aa1 HTTP/1.1" 200 2020 "http://localhost:4200/" "Mozilla/5.0 (Windows NT 10.0; Win64; x64) AppleWebKit/537.36 (KHTML, like Gecko) Chrome/79.0.3945.130 Safari/537.36"
::1 - - [03/Feb/2020:21:19:32 +0000] "GET /api/v1/topic/findall HTTP/1.1" 200 434 "http://localhost:4200/" "Mozilla/5.0 (Windows NT 10.0; Win64; x64) AppleWebKit/537.36 (KHTML, like Gecko) Chrome/79.0.3945.130 Safari/537.36"
::1 - - [03/Feb/2020:21:19:32 +0000] "GET /api/v1/posts/feed/5e348e77b171909808662aa1 HTTP/1.1" 200 2020 "http://localhost:4200/" "Mozilla/5.0 (Windows NT 10.0; Win64; x64) AppleWebKit/537.36 (KHTML, like Gecko) Chrome/79.0.3945.130 Safari/537.36"
::1 - - [03/Feb/2020:21:19:32 +0000] "GET /api/v1/topic/findall HTTP/1.1" 200 434 "http://localhost:4200/" "Mozilla/5.0 (Windows NT 10.0; Win64; x64) AppleWebKit/537.36 (KHTML, like Gecko) Chrome/79.0.3945.130 Safari/537.36"
::1 - - [03/Feb/2020:21:19:39 +0000] "GET /api/v1/topic/findall HTTP/1.1" 200 434 "http://localhost:4200/" "Mozilla/5.0 (Windows NT 10.0; Win64; x64) AppleWebKit/537.36 (KHTML, like Gecko) Chrome/79.0.3945.130 Safari/537.36"
::1 - - [03/Feb/2020:21:19:39 +0000] "GET /api/v1/topic/findall HTTP/1.1" 200 434 "http://localhost:4200/" "Mozilla/5.0 (Windows NT 10.0; Win64; x64) AppleWebKit/537.36 (KHTML, like Gecko) Chrome/79.0.3945.130 Safari/537.36"
::1 - - [03/Feb/2020:21:19:39 +0000] "GET /api/v1/posts/feed/5e348e77b171909808662aa1 HTTP/1.1" 200 2020 "http://localhost:4200/" "Mozilla/5.0 (Windows NT 10.0; Win64; x64) AppleWebKit/537.36 (KHTML, like Gecko) Chrome/79.0.3945.130 Safari/537.36"
::1 - - [03/Feb/2020:21:19:45 +0000] "GET /api/v1/topic/findall HTTP/1.1" 200 434 "http://localhost:4200/" "Mozilla/5.0 (Windows NT 10.0; Win64; x64) AppleWebKit/537.36 (KHTML, like Gecko) Chrome/79.0.3945.130 Safari/537.36"
::1 - - [03/Feb/2020:21:19:45 +0000] "GET /api/v1/posts/feed/5e348e77b171909808662aa1 HTTP/1.1" 200 2020 "http://localhost:4200/" "Mozilla/5.0 (Windows NT 10.0; Win64; x64) AppleWebKit/537.36 (KHTML, like Gecko) Chrome/79.0.3945.130 Safari/537.36"
::1 - - [03/Feb/2020:21:19:45 +0000] "GET /api/v1/topic/findall HTTP/1.1" 200 434 "http://localhost:4200/" "Mozilla/5.0 (Windows NT 10.0; Win64; x64) AppleWebKit/537.36 (KHTML, like Gecko) Chrome/79.0.3945.130 Safari/537.36"
::1 - - [03/Feb/2020:21:19:58 +0000] "GET /api/v1/topic/findall HTTP/1.1" 200 434 "http://localhost:4200/" "Mozilla/5.0 (Windows NT 10.0; Win64; x64) AppleWebKit/537.36 (KHTML, like Gecko) Chrome/79.0.3945.130 Safari/537.36"
::1 - - [03/Feb/2020:21:19:58 +0000] "GET /api/v1/topic/findall HTTP/1.1" 200 434 "http://localhost:4200/" "Mozilla/5.0 (Windows NT 10.0; Win64; x64) AppleWebKit/537.36 (KHTML, like Gecko) Chrome/79.0.3945.130 Safari/537.36"
::1 - - [03/Feb/2020:21:19:58 +0000] "GET /api/v1/posts/feed/5e348e77b171909808662aa1 HTTP/1.1" 200 2020 "http://localhost:4200/" "Mozilla/5.0 (Windows NT 10.0; Win64; x64) AppleWebKit/537.36 (KHTML, like Gecko) Chrome/79.0.3945.130 Safari/537.36"
::1 - - [03/Feb/2020:21:20:00 +0000] "GET /api/v1/topic/findall HTTP/1.1" 200 434 "http://localhost:4200/profile" "Mozilla/5.0 (Windows NT 10.0; Win64; x64) AppleWebKit/537.36 (KHTML, like Gecko) Chrome/79.0.3945.130 Safari/537.36"
::1 - - [03/Feb/2020:21:20:00 +0000] "GET /api/v1/user/5e348e77b171909808662aa1 HTTP/1.1" 200 126 "http://localhost:4200/profile" "Mozilla/5.0 (Windows NT 10.0; Win64; x64) AppleWebKit/537.36 (KHTML, like Gecko) Chrome/79.0.3945.130 Safari/537.36"
::1 - - [03/Feb/2020:21:20:16 +0000] "GET /api/v1/user/5e348e77b171909808662aa1 HTTP/1.1" 200 126 "http://localhost:4200/profile" "Mozilla/5.0 (Windows NT 10.0; Win64; x64) AppleWebKit/537.36 (KHTML, like Gecko) Chrome/79.0.3945.130 Safari/537.36"
::1 - - [03/Feb/2020:21:20:16 +0000] "GET /api/v1/topic/findall HTTP/1.1" 200 434 "http://localhost:4200/profile" "Mozilla/5.0 (Windows NT 10.0; Win64; x64) AppleWebKit/537.36 (KHTML, like Gecko) Chrome/79.0.3945.130 Safari/537.36"
::1 - - [03/Feb/2020:21:20:27 +0000] "GET /api/v1/user/5e348e77b171909808662aa1 HTTP/1.1" 200 126 "http://localhost:4200/profile" "Mozilla/5.0 (Windows NT 10.0; Win64; x64) AppleWebKit/537.36 (KHTML, like Gecko) Chrome/79.0.3945.130 Safari/537.36"
::1 - - [03/Feb/2020:21:20:27 +0000] "GET /api/v1/topic/findall HTTP/1.1" 200 434 "http://localhost:4200/profile" "Mozilla/5.0 (Windows NT 10.0; Win64; x64) AppleWebKit/537.36 (KHTML, like Gecko) Chrome/79.0.3945.130 Safari/537.36"
::1 - - [03/Feb/2020:21:20:34 +0000] "GET /api/v1/user/5e348e77b171909808662aa1 HTTP/1.1" 200 126 "http://localhost:4200/profile" "Mozilla/5.0 (Windows NT 10.0; Win64; x64) AppleWebKit/537.36 (KHTML, like Gecko) Chrome/79.0.3945.130 Safari/537.36"
::1 - - [03/Feb/2020:21:20:34 +0000] "GET /api/v1/topic/findall HTTP/1.1" 200 434 "http://localhost:4200/profile" "Mozilla/5.0 (Windows NT 10.0; Win64; x64) AppleWebKit/537.36 (KHTML, like Gecko) Chrome/79.0.3945.130 Safari/537.36"
::1 - - [03/Feb/2020:21:20:37 +0000] "GET /api/v1/user/5e348e77b171909808662aa1 HTTP/1.1" 200 126 "http://localhost:4200/profile" "Mozilla/5.0 (Windows NT 10.0; Win64; x64) AppleWebKit/537.36 (KHTML, like Gecko) Chrome/79.0.3945.130 Safari/537.36"
::1 - - [03/Feb/2020:21:20:37 +0000] "GET /api/v1/topic/findall HTTP/1.1" 200 434 "http://localhost:4200/profile" "Mozilla/5.0 (Windows NT 10.0; Win64; x64) AppleWebKit/537.36 (KHTML, like Gecko) Chrome/79.0.3945.130 Safari/537.36"
::1 - - [03/Feb/2020:21:20:52 +0000] "GET /api/v1/topic/findall HTTP/1.1" 200 434 "http://localhost:4200/profile" "Mozilla/5.0 (Windows NT 10.0; Win64; x64) AppleWebKit/537.36 (KHTML, like Gecko) Chrome/79.0.3945.130 Safari/537.36"
::1 - - [03/Feb/2020:21:20:52 +0000] "GET /api/v1/user/5e348e77b171909808662aa1 HTTP/1.1" 200 126 "http://localhost:4200/profile" "Mozilla/5.0 (Windows NT 10.0; Win64; x64) AppleWebKit/537.36 (KHTML, like Gecko) Chrome/79.0.3945.130 Safari/537.36"
::1 - - [03/Feb/2020:21:20:55 +0000] "GET /api/v1/user/5e348e77b171909808662aa1 HTTP/1.1" 200 126 "http://localhost:4200/profile" "Mozilla/5.0 (Windows NT 10.0; Win64; x64) AppleWebKit/537.36 (KHTML, like Gecko) Chrome/79.0.3945.130 Safari/537.36"
::1 - - [03/Feb/2020:21:20:55 +0000] "GET /api/v1/topic/findall HTTP/1.1" 200 434 "http://localhost:4200/profile" "Mozilla/5.0 (Windows NT 10.0; Win64; x64) AppleWebKit/537.36 (KHTML, like Gecko) Chrome/79.0.3945.130 Safari/537.36"
::1 - - [03/Feb/2020:21:20:58 +0000] "GET /api/v1/user/5e348e77b171909808662aa1 HTTP/1.1" 200 126 "http://localhost:4200/profile" "Mozilla/5.0 (Windows NT 10.0; Win64; x64) AppleWebKit/537.36 (KHTML, like Gecko) Chrome/79.0.3945.130 Safari/537.36"
::1 - - [03/Feb/2020:21:20:58 +0000] "GET /api/v1/topic/findall HTTP/1.1" 200 434 "http://localhost:4200/profile" "Mozilla/5.0 (Windows NT 10.0; Win64; x64) AppleWebKit/537.36 (KHTML, like Gecko) Chrome/79.0.3945.130 Safari/537.36"
::1 - - [03/Feb/2020:21:21:01 +0000] "GET /api/v1/user/5e348e77b171909808662aa1 HTTP/1.1" 200 126 "http://localhost:4200/profile" "Mozilla/5.0 (Windows NT 10.0; Win64; x64) AppleWebKit/537.36 (KHTML, like Gecko) Chrome/79.0.3945.130 Safari/537.36"
::1 - - [03/Feb/2020:21:21:01 +0000] "GET /api/v1/topic/findall HTTP/1.1" 200 434 "http://localhost:4200/profile" "Mozilla/5.0 (Windows NT 10.0; Win64; x64) AppleWebKit/537.36 (KHTML, like Gecko) Chrome/79.0.3945.130 Safari/537.36"
::1 - - [03/Feb/2020:21:21:14 +0000] "GET /api/v1/topic/findall HTTP/1.1" 200 434 "http://localhost:4200/profile" "Mozilla/5.0 (Windows NT 10.0; Win64; x64) AppleWebKit/537.36 (KHTML, like Gecko) Chrome/79.0.3945.130 Safari/537.36"
::1 - - [03/Feb/2020:21:21:14 +0000] "GET /api/v1/user/5e348e77b171909808662aa1 HTTP/1.1" 200 126 "http://localhost:4200/profile" "Mozilla/5.0 (Windows NT 10.0; Win64; x64) AppleWebKit/537.36 (KHTML, like Gecko) Chrome/79.0.3945.130 Safari/537.36"
::1 - - [03/Feb/2020:21:21:17 +0000] "GET /api/v1/user/5e348e77b171909808662aa1 HTTP/1.1" 200 126 "http://localhost:4200/profile" "Mozilla/5.0 (Windows NT 10.0; Win64; x64) AppleWebKit/537.36 (KHTML, like Gecko) Chrome/79.0.3945.130 Safari/537.36"
::1 - - [03/Feb/2020:21:21:17 +0000] "GET /api/v1/topic/findall HTTP/1.1" 200 434 "http://localhost:4200/profile" "Mozilla/5.0 (Windows NT 10.0; Win64; x64) AppleWebKit/537.36 (KHTML, like Gecko) Chrome/79.0.3945.130 Safari/537.36"
::1 - - [03/Feb/2020:21:21:24 +0000] "GET /api/v1/topic/findall HTTP/1.1" 200 434 "http://localhost:4200/profile" "Mozilla/5.0 (Windows NT 10.0; Win64; x64) AppleWebKit/537.36 (KHTML, like Gecko) Chrome/79.0.3945.130 Safari/537.36"
::1 - - [03/Feb/2020:21:21:24 +0000] "GET /api/v1/user/5e348e77b171909808662aa1 HTTP/1.1" 200 126 "http://localhost:4200/profile" "Mozilla/5.0 (Windows NT 10.0; Win64; x64) AppleWebKit/537.36 (KHTML, like Gecko) Chrome/79.0.3945.130 Safari/537.36"
::1 - - [03/Feb/2020:21:21:29 +0000] "GET /api/v1/user/5e348e77b171909808662aa1 HTTP/1.1" 200 126 "http://localhost:4200/profile" "Mozilla/5.0 (Windows NT 10.0; Win64; x64) AppleWebKit/537.36 (KHTML, like Gecko) Chrome/79.0.3945.130 Safari/537.36"
::1 - - [03/Feb/2020:21:21:29 +0000] "GET /api/v1/topic/findall HTTP/1.1" 200 434 "http://localhost:4200/profile" "Mozilla/5.0 (Windows NT 10.0; Win64; x64) AppleWebKit/537.36 (KHTML, like Gecko) Chrome/79.0.3945.130 Safari/537.36"
::1 - - [03/Feb/2020:21:21:42 +0000] "GET /api/v1/topic/findall HTTP/1.1" 200 434 "http://localhost:4200/profile" "Mozilla/5.0 (Windows NT 10.0; Win64; x64) AppleWebKit/537.36 (KHTML, like Gecko) Chrome/79.0.3945.130 Safari/537.36"
::1 - - [03/Feb/2020:21:21:42 +0000] "GET /api/v1/user/5e348e77b171909808662aa1 HTTP/1.1" 200 126 "http://localhost:4200/profile" "Mozilla/5.0 (Windows NT 10.0; Win64; x64) AppleWebKit/537.36 (KHTML, like Gecko) Chrome/79.0.3945.130 Safari/537.36"
::1 - - [03/Feb/2020:21:21:45 +0000] "GET /api/v1/user/5e348e77b171909808662aa1 HTTP/1.1" 200 126 "http://localhost:4200/profile" "Mozilla/5.0 (Windows NT 10.0; Win64; x64) AppleWebKit/537.36 (KHTML, like Gecko) Chrome/79.0.3945.130 Safari/537.36"
::1 - - [03/Feb/2020:21:21:45 +0000] "GET /api/v1/topic/findall HTTP/1.1" 200 434 "http://localhost:4200/profile" "Mozilla/5.0 (Windows NT 10.0; Win64; x64) AppleWebKit/537.36 (KHTML, like Gecko) Chrome/79.0.3945.130 Safari/537.36"
::1 - - [03/Feb/2020:21:21:48 +0000] "GET /api/v1/user/5e348e77b171909808662aa1 HTTP/1.1" 200 126 "http://localhost:4200/profile" "Mozilla/5.0 (Windows NT 10.0; Win64; x64) AppleWebKit/537.36 (KHTML, like Gecko) Chrome/79.0.3945.130 Safari/537.36"
::1 - - [03/Feb/2020:21:21:48 +0000] "GET /api/v1/topic/findall HTTP/1.1" 200 434 "http://localhost:4200/profile" "Mozilla/5.0 (Windows NT 10.0; Win64; x64) AppleWebKit/537.36 (KHTML, like Gecko) Chrome/79.0.3945.130 Safari/537.36"
::1 - - [03/Feb/2020:21:21:55 +0000] "GET /api/v1/user/5e348e77b171909808662aa1 HTTP/1.1" 200 126 "http://localhost:4200/profile" "Mozilla/5.0 (Windows NT 10.0; Win64; x64) AppleWebKit/537.36 (KHTML, like Gecko) Chrome/79.0.3945.130 Safari/537.36"
::1 - - [03/Feb/2020:21:21:55 +0000] "GET /api/v1/topic/findall HTTP/1.1" 200 434 "http://localhost:4200/profile" "Mozilla/5.0 (Windows NT 10.0; Win64; x64) AppleWebKit/537.36 (KHTML, like Gecko) Chrome/79.0.3945.130 Safari/537.36"
::1 - - [03/Feb/2020:21:21:58 +0000] "GET /api/v1/topic/findall HTTP/1.1" 200 434 "http://localhost:4200/profile" "Mozilla/5.0 (Windows NT 10.0; Win64; x64) AppleWebKit/537.36 (KHTML, like Gecko) Chrome/79.0.3945.130 Safari/537.36"
::1 - - [03/Feb/2020:21:21:58 +0000] "GET /api/v1/user/5e348e77b171909808662aa1 HTTP/1.1" 200 126 "http://localhost:4200/profile" "Mozilla/5.0 (Windows NT 10.0; Win64; x64) AppleWebKit/537.36 (KHTML, like Gecko) Chrome/79.0.3945.130 Safari/537.36"
::1 - - [03/Feb/2020:21:22:02 +0000] "GET /api/v1/user/5e348e77b171909808662aa1 HTTP/1.1" 200 126 "http://localhost:4200/profile" "Mozilla/5.0 (Windows NT 10.0; Win64; x64) AppleWebKit/537.36 (KHTML, like Gecko) Chrome/79.0.3945.130 Safari/537.36"
::1 - - [03/Feb/2020:21:22:02 +0000] "GET /api/v1/topic/findall HTTP/1.1" 200 434 "http://localhost:4200/profile" "Mozilla/5.0 (Windows NT 10.0; Win64; x64) AppleWebKit/537.36 (KHTML, like Gecko) Chrome/79.0.3945.130 Safari/537.36"
::1 - - [03/Feb/2020:21:22:05 +0000] "GET /api/v1/user/5e348e77b171909808662aa1 HTTP/1.1" 200 126 "http://localhost:4200/profile" "Mozilla/5.0 (Windows NT 10.0; Win64; x64) AppleWebKit/537.36 (KHTML, like Gecko) Chrome/79.0.3945.130 Safari/537.36"
::1 - - [03/Feb/2020:21:22:05 +0000] "GET /api/v1/topic/findall HTTP/1.1" 200 434 "http://localhost:4200/profile" "Mozilla/5.0 (Windows NT 10.0; Win64; x64) AppleWebKit/537.36 (KHTML, like Gecko) Chrome/79.0.3945.130 Safari/537.36"
::1 - - [03/Feb/2020:21:22:08 +0000] "GET /api/v1/user/5e348e77b171909808662aa1 HTTP/1.1" 200 126 "http://localhost:4200/profile" "Mozilla/5.0 (Windows NT 10.0; Win64; x64) AppleWebKit/537.36 (KHTML, like Gecko) Chrome/79.0.3945.130 Safari/537.36"
::1 - - [03/Feb/2020:21:22:08 +0000] "GET /api/v1/topic/findall HTTP/1.1" 200 434 "http://localhost:4200/profile" "Mozilla/5.0 (Windows NT 10.0; Win64; x64) AppleWebKit/537.36 (KHTML, like Gecko) Chrome/79.0.3945.130 Safari/537.36"
::1 - - [03/Feb/2020:21:25:17 +0000] "GET /api/v1/topic/findall HTTP/1.1" 200 434 "http://localhost:4200/profile" "Mozilla/5.0 (Windows NT 10.0; Win64; x64) AppleWebKit/537.36 (KHTML, like Gecko) Chrome/79.0.3945.130 Safari/537.36"
::1 - - [03/Feb/2020:21:25:17 +0000] "GET /api/v1/user/5e348e77b171909808662aa1 HTTP/1.1" 200 126 "http://localhost:4200/profile" "Mozilla/5.0 (Windows NT 10.0; Win64; x64) AppleWebKit/537.36 (KHTML, like Gecko) Chrome/79.0.3945.130 Safari/537.36"
::1 - - [03/Feb/2020:21:25:20 +0000] "GET /api/v1/user/5e348e77b171909808662aa1 HTTP/1.1" 200 126 "http://localhost:4200/profile" "Mozilla/5.0 (Windows NT 10.0; Win64; x64) AppleWebKit/537.36 (KHTML, like Gecko) Chrome/79.0.3945.130 Safari/537.36"
::1 - - [03/Feb/2020:21:25:20 +0000] "GET /api/v1/topic/findall HTTP/1.1" 200 434 "http://localhost:4200/profile" "Mozilla/5.0 (Windows NT 10.0; Win64; x64) AppleWebKit/537.36 (KHTML, like Gecko) Chrome/79.0.3945.130 Safari/537.36"
::1 - - [03/Feb/2020:21:25:23 +0000] "GET /api/v1/topic/findall HTTP/1.1" 200 434 "http://localhost:4200/profile" "Mozilla/5.0 (Windows NT 10.0; Win64; x64) AppleWebKit/537.36 (KHTML, like Gecko) Chrome/79.0.3945.130 Safari/537.36"
::1 - - [03/Feb/2020:21:25:23 +0000] "GET /api/v1/user/5e348e77b171909808662aa1 HTTP/1.1" 200 126 "http://localhost:4200/profile" "Mozilla/5.0 (Windows NT 10.0; Win64; x64) AppleWebKit/537.36 (KHTML, like Gecko) Chrome/79.0.3945.130 Safari/537.36"
::1 - - [03/Feb/2020:21:25:26 +0000] "GET /api/v1/user/5e348e77b171909808662aa1 HTTP/1.1" 200 126 "http://localhost:4200/profile" "Mozilla/5.0 (Windows NT 10.0; Win64; x64) AppleWebKit/537.36 (KHTML, like Gecko) Chrome/79.0.3945.130 Safari/537.36"
::1 - - [03/Feb/2020:21:25:26 +0000] "GET /api/v1/topic/findall HTTP/1.1" 200 434 "http://localhost:4200/profile" "Mozilla/5.0 (Windows NT 10.0; Win64; x64) AppleWebKit/537.36 (KHTML, like Gecko) Chrome/79.0.3945.130 Safari/537.36"
::1 - - [03/Feb/2020:21:25:33 +0000] "PUT /api/v1/user/5e348e77b171909808662aa1 HTTP/1.1" 200 16 "http://localhost:4200/profile" "Mozilla/5.0 (Windows NT 10.0; Win64; x64) AppleWebKit/537.36 (KHTML, like Gecko) Chrome/79.0.3945.130 Safari/537.36"
::1 - - [03/Feb/2020:21:25:42 +0000] "GET /api/v1/user/5e348e77b171909808662aa1 HTTP/1.1" 200 132 "http://localhost:4200/profile" "Mozilla/5.0 (Windows NT 10.0; Win64; x64) AppleWebKit/537.36 (KHTML, like Gecko) Chrome/79.0.3945.130 Safari/537.36"
::1 - - [03/Feb/2020:21:25:42 +0000] "GET /api/v1/topic/findall HTTP/1.1" 200 434 "http://localhost:4200/profile" "Mozilla/5.0 (Windows NT 10.0; Win64; x64) AppleWebKit/537.36 (KHTML, like Gecko) Chrome/79.0.3945.130 Safari/537.36"
::1 - - [03/Feb/2020:21:25:55 +0000] "GET /api/v1/user/5e348e77b171909808662aa1 HTTP/1.1" 200 132 "http://localhost:4200/profile" "Mozilla/5.0 (Windows NT 10.0; Win64; x64) AppleWebKit/537.36 (KHTML, like Gecko) Chrome/79.0.3945.130 Safari/537.36"
::1 - - [03/Feb/2020:21:25:55 +0000] "GET /api/v1/topic/findall HTTP/1.1" 200 434 "http://localhost:4200/profile" "Mozilla/5.0 (Windows NT 10.0; Win64; x64) AppleWebKit/537.36 (KHTML, like Gecko) Chrome/79.0.3945.130 Safari/537.36"
::1 - - [03/Feb/2020:21:25:58 +0000] "GET /api/v1/topic/findall HTTP/1.1" 200 434 "http://localhost:4200/profile" "Mozilla/5.0 (Windows NT 10.0; Win64; x64) AppleWebKit/537.36 (KHTML, like Gecko) Chrome/79.0.3945.130 Safari/537.36"
::1 - - [03/Feb/2020:21:25:58 +0000] "GET /api/v1/user/5e348e77b171909808662aa1 HTTP/1.1" 200 132 "http://localhost:4200/profile" "Mozilla/5.0 (Windows NT 10.0; Win64; x64) AppleWebKit/537.36 (KHTML, like Gecko) Chrome/79.0.3945.130 Safari/537.36"
::1 - - [03/Feb/2020:21:26:01 +0000] "GET /api/v1/topic/findall HTTP/1.1" 200 434 "http://localhost:4200/profile" "Mozilla/5.0 (Windows NT 10.0; Win64; x64) AppleWebKit/537.36 (KHTML, like Gecko) Chrome/79.0.3945.130 Safari/537.36"
::1 - - [03/Feb/2020:21:26:01 +0000] "GET /api/v1/user/5e348e77b171909808662aa1 HTTP/1.1" 200 132 "http://localhost:4200/profile" "Mozilla/5.0 (Windows NT 10.0; Win64; x64) AppleWebKit/537.36 (KHTML, like Gecko) Chrome/79.0.3945.130 Safari/537.36"
::1 - - [03/Feb/2020:21:26:10 +0000] "PUT /api/v1/user/5e348e77b171909808662aa1 HTTP/1.1" 200 16 "http://localhost:4200/profile" "Mozilla/5.0 (Windows NT 10.0; Win64; x64) AppleWebKit/537.36 (KHTML, like Gecko) Chrome/79.0.3945.130 Safari/537.36"
::1 - - [03/Feb/2020:21:26:47 +0000] "GET /api/v1/user/5e348e77b171909808662aa1 HTTP/1.1" 200 125 "http://localhost:4200/profile" "Mozilla/5.0 (Windows NT 10.0; Win64; x64) AppleWebKit/537.36 (KHTML, like Gecko) Chrome/79.0.3945.130 Safari/537.36"
::1 - - [03/Feb/2020:21:26:47 +0000] "GET /api/v1/topic/findall HTTP/1.1" 200 434 "http://localhost:4200/profile" "Mozilla/5.0 (Windows NT 10.0; Win64; x64) AppleWebKit/537.36 (KHTML, like Gecko) Chrome/79.0.3945.130 Safari/537.36"
::1 - - [03/Feb/2020:21:26:53 +0000] "GET /api/v1/user/5e348e77b171909808662aa1 HTTP/1.1" 200 125 "http://localhost:4200/profile" "Mozilla/5.0 (Windows NT 10.0; Win64; x64) AppleWebKit/537.36 (KHTML, like Gecko) Chrome/79.0.3945.130 Safari/537.36"
::1 - - [03/Feb/2020:21:26:53 +0000] "GET /api/v1/topic/findall HTTP/1.1" 200 434 "http://localhost:4200/profile" "Mozilla/5.0 (Windows NT 10.0; Win64; x64) AppleWebKit/537.36 (KHTML, like Gecko) Chrome/79.0.3945.130 Safari/537.36"
::1 - - [03/Feb/2020:21:26:58 +0000] "GET /api/v1/topic/findall HTTP/1.1" 200 434 "http://localhost:4200/profile" "Mozilla/5.0 (Windows NT 10.0; Win64; x64) AppleWebKit/537.36 (KHTML, like Gecko) Chrome/79.0.3945.130 Safari/537.36"
::1 - - [03/Feb/2020:21:26:58 +0000] "GET /api/v1/user/5e348e77b171909808662aa1 HTTP/1.1" 200 125 "http://localhost:4200/profile" "Mozilla/5.0 (Windows NT 10.0; Win64; x64) AppleWebKit/537.36 (KHTML, like Gecko) Chrome/79.0.3945.130 Safari/537.36"
::1 - - [03/Feb/2020:21:27:06 +0000] "GET /api/v1/topic/findall HTTP/1.1" 200 434 "http://localhost:4200/profile" "Mozilla/5.0 (Windows NT 10.0; Win64; x64) AppleWebKit/537.36 (KHTML, like Gecko) Chrome/79.0.3945.130 Safari/537.36"
::1 - - [03/Feb/2020:21:27:06 +0000] "GET /api/v1/user/5e348e77b171909808662aa1 HTTP/1.1" 200 125 "http://localhost:4200/profile" "Mozilla/5.0 (Windows NT 10.0; Win64; x64) AppleWebKit/537.36 (KHTML, like Gecko) Chrome/79.0.3945.130 Safari/537.36"
::1 - - [03/Feb/2020:21:27:19 +0000] "GET /api/v1/topic/findall HTTP/1.1" 200 434 "http://localhost:4200/profile" "Mozilla/5.0 (Windows NT 10.0; Win64; x64) AppleWebKit/537.36 (KHTML, like Gecko) Chrome/79.0.3945.130 Safari/537.36"
::1 - - [03/Feb/2020:21:27:19 +0000] "GET /api/v1/user/5e348e77b171909808662aa1 HTTP/1.1" 200 125 "http://localhost:4200/profile" "Mozilla/5.0 (Windows NT 10.0; Win64; x64) AppleWebKit/537.36 (KHTML, like Gecko) Chrome/79.0.3945.130 Safari/537.36"
::1 - - [03/Feb/2020:21:27:33 +0000] "GET /api/v1/topic/findall HTTP/1.1" 200 434 "http://localhost:4200/profile" "Mozilla/5.0 (Windows NT 10.0; Win64; x64) AppleWebKit/537.36 (KHTML, like Gecko) Chrome/79.0.3945.130 Safari/537.36"
::1 - - [03/Feb/2020:21:27:33 +0000] "GET /api/v1/user/5e348e77b171909808662aa1 HTTP/1.1" 200 125 "http://localhost:4200/profile" "Mozilla/5.0 (Windows NT 10.0; Win64; x64) AppleWebKit/537.36 (KHTML, like Gecko) Chrome/79.0.3945.130 Safari/537.36"
::1 - - [03/Feb/2020:21:28:04 +0000] "GET /api/v1/user/5e348e77b171909808662aa1 HTTP/1.1" 200 125 "http://localhost:4200/profile" "Mozilla/5.0 (Windows NT 10.0; Win64; x64) AppleWebKit/537.36 (KHTML, like Gecko) Chrome/79.0.3945.130 Safari/537.36"
::1 - - [03/Feb/2020:21:28:04 +0000] "GET /api/v1/topic/findall HTTP/1.1" 200 434 "http://localhost:4200/profile" "Mozilla/5.0 (Windows NT 10.0; Win64; x64) AppleWebKit/537.36 (KHTML, like Gecko) Chrome/79.0.3945.130 Safari/537.36"
::1 - - [03/Feb/2020:21:28:25 +0000] "GET /api/v1/user/5e348e77b171909808662aa1 HTTP/1.1" 200 125 "http://localhost:4200/profile" "Mozilla/5.0 (Windows NT 10.0; Win64; x64) AppleWebKit/537.36 (KHTML, like Gecko) Chrome/79.0.3945.130 Safari/537.36"
::1 - - [03/Feb/2020:21:28:25 +0000] "GET /api/v1/topic/findall HTTP/1.1" 200 434 "http://localhost:4200/profile" "Mozilla/5.0 (Windows NT 10.0; Win64; x64) AppleWebKit/537.36 (KHTML, like Gecko) Chrome/79.0.3945.130 Safari/537.36"
::1 - - [03/Feb/2020:21:28:35 +0000] "GET /api/v1/topic/findall HTTP/1.1" 200 434 "http://localhost:4200/" "Mozilla/5.0 (Windows NT 10.0; Win64; x64) AppleWebKit/537.36 (KHTML, like Gecko) Chrome/79.0.3945.130 Safari/537.36"
::1 - - [03/Feb/2020:21:28:35 +0000] "GET /api/v1/posts/feed/5e348e77b171909808662aa1 HTTP/1.1" 200 2020 "http://localhost:4200/" "Mozilla/5.0 (Windows NT 10.0; Win64; x64) AppleWebKit/537.36 (KHTML, like Gecko) Chrome/79.0.3945.130 Safari/537.36"
::1 - - [03/Feb/2020:21:28:35 +0000] "GET /api/v1/topic/findall HTTP/1.1" 200 434 "http://localhost:4200/" "Mozilla/5.0 (Windows NT 10.0; Win64; x64) AppleWebKit/537.36 (KHTML, like Gecko) Chrome/79.0.3945.130 Safari/537.36"
::1 - - [03/Feb/2020:21:28:39 +0000] "GET /api/v1/topic/findall HTTP/1.1" 200 434 "http://localhost:4200/" "Mozilla/5.0 (Windows NT 10.0; Win64; x64) AppleWebKit/537.36 (KHTML, like Gecko) Chrome/79.0.3945.130 Safari/537.36"
::1 - - [03/Feb/2020:21:28:39 +0000] "GET /api/v1/posts/feed/5e348e77b171909808662aa1 HTTP/1.1" 200 2020 "http://localhost:4200/" "Mozilla/5.0 (Windows NT 10.0; Win64; x64) AppleWebKit/537.36 (KHTML, like Gecko) Chrome/79.0.3945.130 Safari/537.36"
::1 - - [03/Feb/2020:21:28:39 +0000] "GET /api/v1/topic/findall HTTP/1.1" 200 434 "http://localhost:4200/" "Mozilla/5.0 (Windows NT 10.0; Win64; x64) AppleWebKit/537.36 (KHTML, like Gecko) Chrome/79.0.3945.130 Safari/537.36"
::1 - - [03/Feb/2020:21:28:40 +0000] "GET /api/v1/topic/findall HTTP/1.1" 200 434 "http://localhost:4200/profile" "Mozilla/5.0 (Windows NT 10.0; Win64; x64) AppleWebKit/537.36 (KHTML, like Gecko) Chrome/79.0.3945.130 Safari/537.36"
::1 - - [03/Feb/2020:21:28:40 +0000] "GET /api/v1/user/5e348e77b171909808662aa1 HTTP/1.1" 200 125 "http://localhost:4200/profile" "Mozilla/5.0 (Windows NT 10.0; Win64; x64) AppleWebKit/537.36 (KHTML, like Gecko) Chrome/79.0.3945.130 Safari/537.36"
::1 - - [03/Feb/2020:21:28:50 +0000] "GET /api/v1/user/5e348e77b171909808662aa1 HTTP/1.1" 200 125 "http://localhost:4200/profile" "Mozilla/5.0 (Windows NT 10.0; Win64; x64) AppleWebKit/537.36 (KHTML, like Gecko) Chrome/79.0.3945.130 Safari/537.36"
::1 - - [03/Feb/2020:21:28:50 +0000] "GET /api/v1/topic/findall HTTP/1.1" 200 434 "http://localhost:4200/profile" "Mozilla/5.0 (Windows NT 10.0; Win64; x64) AppleWebKit/537.36 (KHTML, like Gecko) Chrome/79.0.3945.130 Safari/537.36"
::1 - - [03/Feb/2020:21:28:53 +0000] "GET /api/v1/user/5e348e77b171909808662aa1 HTTP/1.1" 200 125 "http://localhost:4200/profile" "Mozilla/5.0 (Windows NT 10.0; Win64; x64) AppleWebKit/537.36 (KHTML, like Gecko) Chrome/79.0.3945.130 Safari/537.36"
::1 - - [03/Feb/2020:21:28:53 +0000] "GET /api/v1/topic/findall HTTP/1.1" 200 434 "http://localhost:4200/profile" "Mozilla/5.0 (Windows NT 10.0; Win64; x64) AppleWebKit/537.36 (KHTML, like Gecko) Chrome/79.0.3945.130 Safari/537.36"
::1 - - [03/Feb/2020:21:28:55 +0000] "GET /api/v1/topic/findall HTTP/1.1" 200 434 "http://localhost:4200/profile" "Mozilla/5.0 (Windows NT 10.0; Win64; x64) AppleWebKit/537.36 (KHTML, like Gecko) Chrome/79.0.3945.130 Safari/537.36"
::1 - - [03/Feb/2020:21:28:55 +0000] "GET /api/v1/user/5e348e77b171909808662aa1 HTTP/1.1" 200 125 "http://localhost:4200/profile" "Mozilla/5.0 (Windows NT 10.0; Win64; x64) AppleWebKit/537.36 (KHTML, like Gecko) Chrome/79.0.3945.130 Safari/537.36"
::1 - - [03/Feb/2020:21:29:05 +0000] "GET /api/v1/user/5e348e77b171909808662aa1 HTTP/1.1" 200 125 "http://localhost:4200/profile" "Mozilla/5.0 (Windows NT 10.0; Win64; x64) AppleWebKit/537.36 (KHTML, like Gecko) Chrome/79.0.3945.130 Safari/537.36"
::1 - - [03/Feb/2020:21:29:06 +0000] "GET /api/v1/topic/findall HTTP/1.1" 200 434 "http://localhost:4200/profile" "Mozilla/5.0 (Windows NT 10.0; Win64; x64) AppleWebKit/537.36 (KHTML, like Gecko) Chrome/79.0.3945.130 Safari/537.36"
::1 - - [03/Feb/2020:21:29:14 +0000] "GET /api/v1/user/5e348e77b171909808662aa1 HTTP/1.1" 200 125 "http://localhost:4200/profile" "Mozilla/5.0 (Windows NT 10.0; Win64; x64) AppleWebKit/537.36 (KHTML, like Gecko) Chrome/79.0.3945.130 Safari/537.36"
::1 - - [03/Feb/2020:21:29:14 +0000] "GET /api/v1/topic/findall HTTP/1.1" 200 434 "http://localhost:4200/profile" "Mozilla/5.0 (Windows NT 10.0; Win64; x64) AppleWebKit/537.36 (KHTML, like Gecko) Chrome/79.0.3945.130 Safari/537.36"
::1 - - [03/Feb/2020:21:29:17 +0000] "GET /api/v1/user/5e348e77b171909808662aa1 HTTP/1.1" 200 125 "http://localhost:4200/profile" "Mozilla/5.0 (Windows NT 10.0; Win64; x64) AppleWebKit/537.36 (KHTML, like Gecko) Chrome/79.0.3945.130 Safari/537.36"
::1 - - [03/Feb/2020:21:29:17 +0000] "GET /api/v1/topic/findall HTTP/1.1" 200 434 "http://localhost:4200/profile" "Mozilla/5.0 (Windows NT 10.0; Win64; x64) AppleWebKit/537.36 (KHTML, like Gecko) Chrome/79.0.3945.130 Safari/537.36"
::1 - - [03/Feb/2020:21:29:45 +0000] "GET /api/v1/user/5e348e77b171909808662aa1 HTTP/1.1" 200 125 "http://localhost:4200/profile" "Mozilla/5.0 (Windows NT 10.0; Win64; x64) AppleWebKit/537.36 (KHTML, like Gecko) Chrome/79.0.3945.130 Safari/537.36"
::1 - - [03/Feb/2020:21:29:45 +0000] "GET /api/v1/topic/findall HTTP/1.1" 200 434 "http://localhost:4200/profile" "Mozilla/5.0 (Windows NT 10.0; Win64; x64) AppleWebKit/537.36 (KHTML, like Gecko) Chrome/79.0.3945.130 Safari/537.36"
::1 - - [03/Feb/2020:21:29:49 +0000] "PUT /api/v1/user/5e348e77b171909808662aa1 HTTP/1.1" 200 16 "http://localhost:4200/profile" "Mozilla/5.0 (Windows NT 10.0; Win64; x64) AppleWebKit/537.36 (KHTML, like Gecko) Chrome/79.0.3945.130 Safari/537.36"
::1 - - [03/Feb/2020:21:29:53 +0000] "PUT /api/v1/user/5e348e77b171909808662aa1 HTTP/1.1" 200 16 "http://localhost:4200/profile" "Mozilla/5.0 (Windows NT 10.0; Win64; x64) AppleWebKit/537.36 (KHTML, like Gecko) Chrome/79.0.3945.130 Safari/537.36"
::1 - - [03/Feb/2020:21:29:57 +0000] "PUT /api/v1/user/5e348e77b171909808662aa1 HTTP/1.1" 200 16 "http://localhost:4200/profile" "Mozilla/5.0 (Windows NT 10.0; Win64; x64) AppleWebKit/537.36 (KHTML, like Gecko) Chrome/79.0.3945.130 Safari/537.36"
::1 - - [03/Feb/2020:21:30:01 +0000] "GET /api/v1/user/5e348e77b171909808662aa1 HTTP/1.1" 200 125 "http://localhost:4200/profile" "Mozilla/5.0 (Windows NT 10.0; Win64; x64) AppleWebKit/537.36 (KHTML, like Gecko) Chrome/79.0.3945.130 Safari/537.36"
::1 - - [03/Feb/2020:21:30:01 +0000] "GET /api/v1/topic/findall HTTP/1.1" 200 434 "http://localhost:4200/profile" "Mozilla/5.0 (Windows NT 10.0; Win64; x64) AppleWebKit/537.36 (KHTML, like Gecko) Chrome/79.0.3945.130 Safari/537.36"
::1 - - [03/Feb/2020:21:30:59 +0000] "GET /api/v1/user/5e348e77b171909808662aa1 HTTP/1.1" 200 125 "http://localhost:4200/profile" "Mozilla/5.0 (Windows NT 10.0; Win64; x64) AppleWebKit/537.36 (KHTML, like Gecko) Chrome/79.0.3945.130 Safari/537.36"
::1 - - [03/Feb/2020:21:30:59 +0000] "GET /api/v1/topic/findall HTTP/1.1" 200 434 "http://localhost:4200/profile" "Mozilla/5.0 (Windows NT 10.0; Win64; x64) AppleWebKit/537.36 (KHTML, like Gecko) Chrome/79.0.3945.130 Safari/537.36"
::1 - - [03/Feb/2020:21:31:08 +0000] "GET /api/v1/topic/findall HTTP/1.1" 200 434 "http://localhost:4200/profile" "Mozilla/5.0 (Windows NT 10.0; Win64; x64) AppleWebKit/537.36 (KHTML, like Gecko) Chrome/79.0.3945.130 Safari/537.36"
::1 - - [03/Feb/2020:21:31:08 +0000] "GET /api/v1/user/5e348e77b171909808662aa1 HTTP/1.1" 200 125 "http://localhost:4200/profile" "Mozilla/5.0 (Windows NT 10.0; Win64; x64) AppleWebKit/537.36 (KHTML, like Gecko) Chrome/79.0.3945.130 Safari/537.36"
::1 - - [03/Feb/2020:21:31:26 +0000] "GET /api/v1/user/5e348e77b171909808662aa1 HTTP/1.1" 200 125 "http://localhost:4200/profile" "Mozilla/5.0 (Windows NT 10.0; Win64; x64) AppleWebKit/537.36 (KHTML, like Gecko) Chrome/79.0.3945.130 Safari/537.36"
::1 - - [03/Feb/2020:21:31:26 +0000] "GET /api/v1/topic/findall HTTP/1.1" 200 434 "http://localhost:4200/profile" "Mozilla/5.0 (Windows NT 10.0; Win64; x64) AppleWebKit/537.36 (KHTML, like Gecko) Chrome/79.0.3945.130 Safari/537.36"
::1 - - [03/Feb/2020:21:32:00 +0000] "POST /api/v1/user/register HTTP/1.1" 200 79 "http://localhost:4200/signup" "Mozilla/5.0 (Windows NT 10.0; Win64; x64) AppleWebKit/537.36 (KHTML, like Gecko) Chrome/79.0.3945.130 Safari/537.36"
::1 - - [03/Feb/2020:21:32:35 +0000] "POST /api/v1/user/register HTTP/1.1" 200 79 "http://localhost:4200/signup" "Mozilla/5.0 (Windows NT 10.0; Win64; x64) AppleWebKit/537.36 (KHTML, like Gecko) Chrome/79.0.3945.130 Safari/537.36"
::1 - - [03/Feb/2020:21:32:45 +0000] "POST /api/v1/user/register HTTP/1.1" 200 79 "http://localhost:4200/signup" "Mozilla/5.0 (Windows NT 10.0; Win64; x64) AppleWebKit/537.36 (KHTML, like Gecko) Chrome/79.0.3945.130 Safari/537.36"
::1 - - [03/Feb/2020:21:34:05 +0000] "POST /api/v1/user/register HTTP/1.1" 200 83 "http://localhost:4200/signup" "Mozilla/5.0 (Windows NT 10.0; Win64; x64) AppleWebKit/537.36 (KHTML, like Gecko) Chrome/79.0.3945.130 Safari/537.36"
::1 - - [03/Feb/2020:21:53:47 +0000] "PUT /api/v1/user/changepassword/5e348e77b171909808662aa1 HTTP/1.1" 404 190 "-" "Mozilla/5.0 (Windows NT 10.0; Win64; x64) AppleWebKit/537.36 (KHTML, like Gecko) Chrome/79.0.3945.130 Safari/537.36"
::1 - - [03/Feb/2020:21:54:13 +0000] "PUT /api/v1/user/changepassword/5e348e77b171909808662aa1 HTTP/1.1" 404 190 "-" "Mozilla/5.0 (Windows NT 10.0; Win64; x64) AppleWebKit/537.36 (KHTML, like Gecko) Chrome/79.0.3945.130 Safari/537.36"
::1 - - [03/Feb/2020:21:54:40 +0000] "PUT /api/v1/user/changepassword/5e348e77b171909808662aa1 HTTP/1.1" 404 190 "-" "Mozilla/5.0 (Windows NT 10.0; Win64; x64) AppleWebKit/537.36 (KHTML, like Gecko) Chrome/79.0.3945.130 Safari/537.36"
::1 - - [03/Feb/2020:21:55:21 +0000] "PUT /api/v1/user/changepassword/5e348e77b171909808662aa1 HTTP/1.1" 404 190 "-" "Mozilla/5.0 (Windows NT 10.0; Win64; x64) AppleWebKit/537.36 (KHTML, like Gecko) Chrome/79.0.3945.130 Safari/537.36"
::1 - - [03/Feb/2020:21:56:36 +0000] "PUT /api/v1/user/changepassword/5e348e77b171909808662aa1 HTTP/1.1" 404 190 "-" "Mozilla/5.0 (Windows NT 10.0; Win64; x64) AppleWebKit/537.36 (KHTML, like Gecko) Chrome/79.0.3945.130 Safari/537.36"
::1 - - [03/Feb/2020:21:56:53 +0000] "PUT /api/v1/user/updateprofile/5e348e77b171909808662aa1 HTTP/1.1" 404 189 "-" "Mozilla/5.0 (Windows NT 10.0; Win64; x64) AppleWebKit/537.36 (KHTML, like Gecko) Chrome/79.0.3945.130 Safari/537.36"
::1 - - [03/Feb/2020:21:57:37 +0000] "POST /api/v1/user/updateprofile/5e348e77b171909808662aa1 HTTP/1.1" 404 190 "-" "Mozilla/5.0 (Windows NT 10.0; Win64; x64) AppleWebKit/537.36 (KHTML, like Gecko) Chrome/79.0.3945.130 Safari/537.36"
::1 - - [03/Feb/2020:21:58:02 +0000] "POST /api/v1/user/login HTTP/1.1" 200 83 "http://localhost:4200/login" "Mozilla/5.0 (Windows NT 10.0; Win64; x64) AppleWebKit/537.36 (KHTML, like Gecko) Chrome/79.0.3945.130 Safari/537.36"
::1 - - [03/Feb/2020:21:58:05 +0000] "POST /api/v1/user/login HTTP/1.1" 200 211 "http://localhost:4200/login" "Mozilla/5.0 (Windows NT 10.0; Win64; x64) AppleWebKit/537.36 (KHTML, like Gecko) Chrome/79.0.3945.130 Safari/537.36"
::1 - - [03/Feb/2020:21:58:05 +0000] "GET /api/v1/topic/findall HTTP/1.1" 200 434 "http://localhost:4200/home" "Mozilla/5.0 (Windows NT 10.0; Win64; x64) AppleWebKit/537.36 (KHTML, like Gecko) Chrome/79.0.3945.130 Safari/537.36"
::1 - - [03/Feb/2020:21:58:06 +0000] "GET /api/v1/topic/findall HTTP/1.1" 200 434 "http://localhost:4200/home" "Mozilla/5.0 (Windows NT 10.0; Win64; x64) AppleWebKit/537.36 (KHTML, like Gecko) Chrome/79.0.3945.130 Safari/537.36"
::1 - - [03/Feb/2020:21:58:06 +0000] "GET /api/v1/posts/feed/5e348e77b171909808662aa1 HTTP/1.1" 200 2020 "http://localhost:4200/home" "Mozilla/5.0 (Windows NT 10.0; Win64; x64) AppleWebKit/537.36 (KHTML, like Gecko) Chrome/79.0.3945.130 Safari/537.36"
::1 - - [03/Feb/2020:21:58:07 +0000] "GET /api/v1/user/5e348e77b171909808662aa1 HTTP/1.1" 200 125 "http://localhost:4200/profile" "Mozilla/5.0 (Windows NT 10.0; Win64; x64) AppleWebKit/537.36 (KHTML, like Gecko) Chrome/79.0.3945.130 Safari/537.36"
::1 - - [03/Feb/2020:21:58:07 +0000] "GET /api/v1/topic/findall HTTP/1.1" 200 434 "http://localhost:4200/profile" "Mozilla/5.0 (Windows NT 10.0; Win64; x64) AppleWebKit/537.36 (KHTML, like Gecko) Chrome/79.0.3945.130 Safari/537.36"
::1 - - [03/Feb/2020:21:58:13 +0000] "PUT /api/v1/user/updateprofile/5e348e77b171909808662aa1 HTTP/1.1" 404 189 "http://localhost:4200/profile" "Mozilla/5.0 (Windows NT 10.0; Win64; x64) AppleWebKit/537.36 (KHTML, like Gecko) Chrome/79.0.3945.130 Safari/537.36"
::1 - - [03/Feb/2020:22:00:07 +0000] "POST /api/v1/user/updateprofile/5e348e77b171909808662aa1 HTTP/1.1" 404 190 "-" "Mozilla/5.0 (Windows NT 10.0; Win64; x64) AppleWebKit/537.36 (KHTML, like Gecko) Chrome/79.0.3945.130 Safari/537.36"
::1 - - [03/Feb/2020:22:00:14 +0000] "PUT /api/v1/user/updateprofile/5e348e77b171909808662aa1 HTTP/1.1" 404 189 "-" "Mozilla/5.0 (Windows NT 10.0; Win64; x64) AppleWebKit/537.36 (KHTML, like Gecko) Chrome/79.0.3945.130 Safari/537.36"
::1 - - [03/Feb/2020:22:01:24 +0000] "PUT /api/v1/user/updateprofile/5e348e77b171909808662aa1 HTTP/1.1" 404 189 "-" "Mozilla/5.0 (Windows NT 10.0; Win64; x64) AppleWebKit/537.36 (KHTML, like Gecko) Chrome/79.0.3945.130 Safari/537.36"
::1 - - [03/Feb/2020:22:01:41 +0000] "PUT /api/v1/user/updateprofile/5e348e77b171909808662aa1 HTTP/1.1" 404 189 "-" "Mozilla/5.0 (Windows NT 10.0; Win64; x64) AppleWebKit/537.36 (KHTML, like Gecko) Chrome/79.0.3945.130 Safari/537.36"
::1 - - [03/Feb/2020:22:02:06 +0000] "PUT /api/v1/user/updateprofile/5e348e77b171909808662aa1 HTTP/1.1" 404 189 "-" "Mozilla/5.0 (Windows NT 10.0; Win64; x64) AppleWebKit/537.36 (KHTML, like Gecko) Chrome/79.0.3945.130 Safari/537.36"
::1 - - [03/Feb/2020:22:03:04 +0000] "PATCH /api/v1/user/updateprofile/5e348e77b171909808662aa1 HTTP/1.1" 404 191 "-" "Mozilla/5.0 (Windows NT 10.0; Win64; x64) AppleWebKit/537.36 (KHTML, like Gecko) Chrome/79.0.3945.130 Safari/537.36"
::1 - - [03/Feb/2020:22:04:47 +0000] "PATCH /api/v1/user/updateprofile/5e348e77b171909808662aa1 HTTP/1.1" 404 191 "-" "Mozilla/5.0 (Windows NT 10.0; Win64; x64) AppleWebKit/537.36 (KHTML, like Gecko) Chrome/79.0.3945.130 Safari/537.36"
::1 - - [03/Feb/2020:22:04:49 +0000] "PATCH /api/v1/user/updateprofile/5e348e77b171909808662aa1 HTTP/1.1" 404 191 "-" "Mozilla/5.0 (Windows NT 10.0; Win64; x64) AppleWebKit/537.36 (KHTML, like Gecko) Chrome/79.0.3945.130 Safari/537.36"
::1 - - [03/Feb/2020:22:05:00 +0000] "PATCH /api/v1/user/updateprofile/5e348e77b171909808662aa1 HTTP/1.1" 404 191 "-" "Mozilla/5.0 (Windows NT 10.0; Win64; x64) AppleWebKit/537.36 (KHTML, like Gecko) Chrome/79.0.3945.130 Safari/537.36"
::1 - - [03/Feb/2020:22:06:52 +0000] "PATCH /api/v1/user/updateprofile/5e348e77b171909808662aa1 HTTP/1.1" 404 191 "-" "Mozilla/5.0 (Windows NT 10.0; Win64; x64) AppleWebKit/537.36 (KHTML, like Gecko) Chrome/79.0.3945.130 Safari/537.36"
::1 - - [03/Feb/2020:22:06:54 +0000] "PATCH /api/v1/user/updateprofile/5e348e77b171909808662aa1 HTTP/1.1" 404 191 "-" "Mozilla/5.0 (Windows NT 10.0; Win64; x64) AppleWebKit/537.36 (KHTML, like Gecko) Chrome/79.0.3945.130 Safari/537.36"
::1 - - [03/Feb/2020:22:08:23 +0000] "POST /api/v1/user/login HTTP/1.1" 200 211 "http://localhost:4200/login" "Mozilla/5.0 (Windows NT 10.0; Win64; x64) AppleWebKit/537.36 (KHTML, like Gecko) Chrome/79.0.3945.130 Safari/537.36"
::1 - - [03/Feb/2020:22:08:23 +0000] "GET /api/v1/topic/findall HTTP/1.1" 200 434 "http://localhost:4200/home" "Mozilla/5.0 (Windows NT 10.0; Win64; x64) AppleWebKit/537.36 (KHTML, like Gecko) Chrome/79.0.3945.130 Safari/537.36"
::1 - - [03/Feb/2020:22:08:24 +0000] "GET /api/v1/topic/findall HTTP/1.1" 200 434 "http://localhost:4200/home" "Mozilla/5.0 (Windows NT 10.0; Win64; x64) AppleWebKit/537.36 (KHTML, like Gecko) Chrome/79.0.3945.130 Safari/537.36"
::1 - - [03/Feb/2020:22:08:24 +0000] "GET /api/v1/posts/feed/5e348e77b171909808662aa1 HTTP/1.1" 200 2020 "http://localhost:4200/home" "Mozilla/5.0 (Windows NT 10.0; Win64; x64) AppleWebKit/537.36 (KHTML, like Gecko) Chrome/79.0.3945.130 Safari/537.36"
::1 - - [03/Feb/2020:22:08:29 +0000] "GET /api/v1/topic/findall HTTP/1.1" 200 434 "http://localhost:4200/profile" "Mozilla/5.0 (Windows NT 10.0; Win64; x64) AppleWebKit/537.36 (KHTML, like Gecko) Chrome/79.0.3945.130 Safari/537.36"
::1 - - [03/Feb/2020:22:08:29 +0000] "GET /api/v1/user/5e348e77b171909808662aa1 HTTP/1.1" 200 125 "http://localhost:4200/profile" "Mozilla/5.0 (Windows NT 10.0; Win64; x64) AppleWebKit/537.36 (KHTML, like Gecko) Chrome/79.0.3945.130 Safari/537.36"
::1 - - [03/Feb/2020:22:08:38 +0000] "PUT /api/v1/user/updateprofile/5e348e77b171909808662aa1 HTTP/1.1" 404 189 "http://localhost:4200/profile" "Mozilla/5.0 (Windows NT 10.0; Win64; x64) AppleWebKit/537.36 (KHTML, like Gecko) Chrome/79.0.3945.130 Safari/537.36"
::1 - - [03/Feb/2020:22:08:46 +0000] "GET /api/v1/topic/findall HTTP/1.1" 200 434 "http://localhost:4200/profile" "Mozilla/5.0 (Windows NT 10.0; Win64; x64) AppleWebKit/537.36 (KHTML, like Gecko) Chrome/79.0.3945.130 Safari/537.36"
::1 - - [03/Feb/2020:22:08:46 +0000] "GET /api/v1/user/5e348e77b171909808662aa1 HTTP/1.1" 200 125 "http://localhost:4200/profile" "Mozilla/5.0 (Windows NT 10.0; Win64; x64) AppleWebKit/537.36 (KHTML, like Gecko) Chrome/79.0.3945.130 Safari/537.36"
::1 - - [03/Feb/2020:22:09:40 +0000] "GET /api/v1/user/5e348e77b171909808662aa1 HTTP/1.1" 200 125 "http://localhost:4200/profile" "Mozilla/5.0 (Windows NT 10.0; Win64; x64) AppleWebKit/537.36 (KHTML, like Gecko) Chrome/79.0.3945.130 Safari/537.36"
::1 - - [03/Feb/2020:22:09:40 +0000] "GET /api/v1/topic/findall HTTP/1.1" 200 434 "http://localhost:4200/profile" "Mozilla/5.0 (Windows NT 10.0; Win64; x64) AppleWebKit/537.36 (KHTML, like Gecko) Chrome/79.0.3945.130 Safari/537.36"
::1 - - [03/Feb/2020:22:09:42 +0000] "PUT /api/v1/user/updateprofile/5e348e77b171909808662aa1 HTTP/1.1" 404 189 "http://localhost:4200/profile" "Mozilla/5.0 (Windows NT 10.0; Win64; x64) AppleWebKit/537.36 (KHTML, like Gecko) Chrome/79.0.3945.130 Safari/537.36"
::1 - - [03/Feb/2020:22:10:04 +0000] "GET /api/v1/topic/findall HTTP/1.1" 200 434 "http://localhost:4200/" "Mozilla/5.0 (Windows NT 10.0; Win64; x64) AppleWebKit/537.36 (KHTML, like Gecko) Chrome/79.0.3945.130 Safari/537.36"
::1 - - [03/Feb/2020:22:10:04 +0000] "GET /api/v1/topic/findall HTTP/1.1" 200 434 "http://localhost:4200/" "Mozilla/5.0 (Windows NT 10.0; Win64; x64) AppleWebKit/537.36 (KHTML, like Gecko) Chrome/79.0.3945.130 Safari/537.36"
::1 - - [03/Feb/2020:22:10:04 +0000] "GET /api/v1/posts/feed/5e348e77b171909808662aa1 HTTP/1.1" 200 2020 "http://localhost:4200/" "Mozilla/5.0 (Windows NT 10.0; Win64; x64) AppleWebKit/537.36 (KHTML, like Gecko) Chrome/79.0.3945.130 Safari/537.36"
::1 - - [03/Feb/2020:22:10:58 +0000] "GET /api/v1/topic/findall HTTP/1.1" 200 434 "http://localhost:4200/" "Mozilla/5.0 (Windows NT 10.0; Win64; x64) AppleWebKit/537.36 (KHTML, like Gecko) Chrome/79.0.3945.130 Safari/537.36"
::1 - - [03/Feb/2020:22:10:58 +0000] "GET /api/v1/topic/findall HTTP/1.1" 200 434 "http://localhost:4200/" "Mozilla/5.0 (Windows NT 10.0; Win64; x64) AppleWebKit/537.36 (KHTML, like Gecko) Chrome/79.0.3945.130 Safari/537.36"
::1 - - [03/Feb/2020:22:10:58 +0000] "GET /api/v1/posts/feed/5e348e77b171909808662aa1 HTTP/1.1" 200 2020 "http://localhost:4200/" "Mozilla/5.0 (Windows NT 10.0; Win64; x64) AppleWebKit/537.36 (KHTML, like Gecko) Chrome/79.0.3945.130 Safari/537.36"
::1 - - [03/Feb/2020:22:11:11 +0000] "GET /api/v1/topic/findall HTTP/1.1" 200 434 "http://localhost:4200/" "Mozilla/5.0 (Windows NT 10.0; Win64; x64) AppleWebKit/537.36 (KHTML, like Gecko) Chrome/79.0.3945.130 Safari/537.36"
::1 - - [03/Feb/2020:22:11:11 +0000] "GET /api/v1/topic/findall HTTP/1.1" 200 434 "http://localhost:4200/" "Mozilla/5.0 (Windows NT 10.0; Win64; x64) AppleWebKit/537.36 (KHTML, like Gecko) Chrome/79.0.3945.130 Safari/537.36"
::1 - - [03/Feb/2020:22:11:11 +0000] "GET /api/v1/posts/feed/5e348e77b171909808662aa1 HTTP/1.1" 200 2020 "http://localhost:4200/" "Mozilla/5.0 (Windows NT 10.0; Win64; x64) AppleWebKit/537.36 (KHTML, like Gecko) Chrome/79.0.3945.130 Safari/537.36"
::1 - - [03/Feb/2020:22:11:53 +0000] "GET /api/v1/topic/findall HTTP/1.1" 200 434 "http://localhost:4200/" "Mozilla/5.0 (Windows NT 10.0; Win64; x64) AppleWebKit/537.36 (KHTML, like Gecko) Chrome/79.0.3945.130 Safari/537.36"
::1 - - [03/Feb/2020:22:11:53 +0000] "GET /api/v1/topic/findall HTTP/1.1" 200 434 "http://localhost:4200/" "Mozilla/5.0 (Windows NT 10.0; Win64; x64) AppleWebKit/537.36 (KHTML, like Gecko) Chrome/79.0.3945.130 Safari/537.36"
::1 - - [03/Feb/2020:22:11:53 +0000] "GET /api/v1/posts/feed/5e348e77b171909808662aa1 HTTP/1.1" 200 2020 "http://localhost:4200/" "Mozilla/5.0 (Windows NT 10.0; Win64; x64) AppleWebKit/537.36 (KHTML, like Gecko) Chrome/79.0.3945.130 Safari/537.36"
::1 - - [03/Feb/2020:22:13:07 +0000] "GET /api/v1/topic/findall HTTP/1.1" 200 434 "http://localhost:4200/" "Mozilla/5.0 (Windows NT 10.0; Win64; x64) AppleWebKit/537.36 (KHTML, like Gecko) Chrome/79.0.3945.130 Safari/537.36"
::1 - - [03/Feb/2020:22:13:07 +0000] "GET /api/v1/topic/findall HTTP/1.1" 200 434 "http://localhost:4200/" "Mozilla/5.0 (Windows NT 10.0; Win64; x64) AppleWebKit/537.36 (KHTML, like Gecko) Chrome/79.0.3945.130 Safari/537.36"
::1 - - [03/Feb/2020:22:13:07 +0000] "GET /api/v1/posts/feed/5e348e77b171909808662aa1 HTTP/1.1" 200 2020 "http://localhost:4200/" "Mozilla/5.0 (Windows NT 10.0; Win64; x64) AppleWebKit/537.36 (KHTML, like Gecko) Chrome/79.0.3945.130 Safari/537.36"
::1 - - [03/Feb/2020:22:13:11 +0000] "GET /api/v1/topic/findall HTTP/1.1" 200 434 "http://localhost:4200/" "Mozilla/5.0 (Windows NT 10.0; Win64; x64) AppleWebKit/537.36 (KHTML, like Gecko) Chrome/79.0.3945.130 Safari/537.36"
::1 - - [03/Feb/2020:22:13:11 +0000] "GET /api/v1/posts/feed/5e348e77b171909808662aa1 HTTP/1.1" 200 2020 "http://localhost:4200/" "Mozilla/5.0 (Windows NT 10.0; Win64; x64) AppleWebKit/537.36 (KHTML, like Gecko) Chrome/79.0.3945.130 Safari/537.36"
::1 - - [03/Feb/2020:22:13:11 +0000] "GET /api/v1/topic/findall HTTP/1.1" 200 434 "http://localhost:4200/" "Mozilla/5.0 (Windows NT 10.0; Win64; x64) AppleWebKit/537.36 (KHTML, like Gecko) Chrome/79.0.3945.130 Safari/537.36"
::1 - - [03/Feb/2020:22:13:20 +0000] "GET /api/v1/topic/findall HTTP/1.1" 200 434 "http://localhost:4200/" "Mozilla/5.0 (Windows NT 10.0; Win64; x64) AppleWebKit/537.36 (KHTML, like Gecko) Chrome/79.0.3945.130 Safari/537.36"
::1 - - [03/Feb/2020:22:13:20 +0000] "GET /api/v1/topic/findall HTTP/1.1" 200 434 "http://localhost:4200/" "Mozilla/5.0 (Windows NT 10.0; Win64; x64) AppleWebKit/537.36 (KHTML, like Gecko) Chrome/79.0.3945.130 Safari/537.36"
::1 - - [03/Feb/2020:22:13:20 +0000] "GET /api/v1/posts/feed/5e348e77b171909808662aa1 HTTP/1.1" 200 2020 "http://localhost:4200/" "Mozilla/5.0 (Windows NT 10.0; Win64; x64) AppleWebKit/537.36 (KHTML, like Gecko) Chrome/79.0.3945.130 Safari/537.36"
::1 - - [03/Feb/2020:22:57:09 +0000] "GET /api/v1/topic/findall HTTP/1.1" 200 434 "http://localhost:4200/" "Mozilla/5.0 (Windows NT 10.0; Win64; x64) AppleWebKit/537.36 (KHTML, like Gecko) Chrome/79.0.3945.130 Safari/537.36"
::1 - - [03/Feb/2020:22:57:09 +0000] "GET /api/v1/topic/findall HTTP/1.1" 200 434 "http://localhost:4200/" "Mozilla/5.0 (Windows NT 10.0; Win64; x64) AppleWebKit/537.36 (KHTML, like Gecko) Chrome/79.0.3945.130 Safari/537.36"
::1 - - [03/Feb/2020:22:57:09 +0000] "GET /api/v1/posts/feed/5e348e77b171909808662aa1 HTTP/1.1" 200 2020 "http://localhost:4200/" "Mozilla/5.0 (Windows NT 10.0; Win64; x64) AppleWebKit/537.36 (KHTML, like Gecko) Chrome/79.0.3945.130 Safari/537.36"
::1 - - [03/Feb/2020:22:59:48 +0000] "GET /api/v1/topic/findall HTTP/1.1" 200 434 "http://localhost:4200/" "Mozilla/5.0 (Windows NT 10.0; Win64; x64) AppleWebKit/537.36 (KHTML, like Gecko) Chrome/79.0.3945.130 Safari/537.36"
::1 - - [03/Feb/2020:22:59:48 +0000] "GET /api/v1/posts/feed/5e348e77b171909808662aa1 HTTP/1.1" 200 2020 "http://localhost:4200/" "Mozilla/5.0 (Windows NT 10.0; Win64; x64) AppleWebKit/537.36 (KHTML, like Gecko) Chrome/79.0.3945.130 Safari/537.36"
::1 - - [03/Feb/2020:22:59:48 +0000] "GET /api/v1/topic/findall HTTP/1.1" 200 434 "http://localhost:4200/" "Mozilla/5.0 (Windows NT 10.0; Win64; x64) AppleWebKit/537.36 (KHTML, like Gecko) Chrome/79.0.3945.130 Safari/537.36"
::1 - - [03/Feb/2020:23:00:26 +0000] "POST /api/v1/user/login HTTP/1.1" 200 211 "http://localhost:4200/login" "Mozilla/5.0 (Windows NT 10.0; Win64; x64) AppleWebKit/537.36 (KHTML, like Gecko) Chrome/79.0.3945.130 Safari/537.36"
::1 - - [03/Feb/2020:23:00:26 +0000] "GET /api/v1/topic/findall HTTP/1.1" 200 434 "http://localhost:4200/home" "Mozilla/5.0 (Windows NT 10.0; Win64; x64) AppleWebKit/537.36 (KHTML, like Gecko) Chrome/79.0.3945.130 Safari/537.36"
::1 - - [03/Feb/2020:23:00:26 +0000] "GET /api/v1/posts/feed/5e348e77b171909808662aa1 HTTP/1.1" 200 2020 "http://localhost:4200/home" "Mozilla/5.0 (Windows NT 10.0; Win64; x64) AppleWebKit/537.36 (KHTML, like Gecko) Chrome/79.0.3945.130 Safari/537.36"
::1 - - [03/Feb/2020:23:00:26 +0000] "GET /api/v1/topic/findall HTTP/1.1" 200 434 "http://localhost:4200/home" "Mozilla/5.0 (Windows NT 10.0; Win64; x64) AppleWebKit/537.36 (KHTML, like Gecko) Chrome/79.0.3945.130 Safari/537.36"
::1 - - [03/Feb/2020:23:00:37 +0000] "GET /api/v1/topic/findall HTTP/1.1" 200 434 "http://localhost:4200/home" "Mozilla/5.0 (Windows NT 10.0; Win64; x64) AppleWebKit/537.36 (KHTML, like Gecko) Chrome/79.0.3945.130 Safari/537.36"
::1 - - [03/Feb/2020:23:00:37 +0000] "GET /api/v1/topic/findall HTTP/1.1" 200 434 "http://localhost:4200/home" "Mozilla/5.0 (Windows NT 10.0; Win64; x64) AppleWebKit/537.36 (KHTML, like Gecko) Chrome/79.0.3945.130 Safari/537.36"
::1 - - [03/Feb/2020:23:00:38 +0000] "GET /api/v1/posts/feed/5e348e77b171909808662aa1 HTTP/1.1" 200 2020 "http://localhost:4200/home" "Mozilla/5.0 (Windows NT 10.0; Win64; x64) AppleWebKit/537.36 (KHTML, like Gecko) Chrome/79.0.3945.130 Safari/537.36"
::1 - - [03/Feb/2020:23:00:49 +0000] "GET /api/v1/topic/findall HTTP/1.1" 200 434 "http://localhost:4200/home" "Mozilla/5.0 (Windows NT 10.0; Win64; x64) AppleWebKit/537.36 (KHTML, like Gecko) Chrome/79.0.3945.130 Safari/537.36"
::1 - - [03/Feb/2020:23:00:49 +0000] "GET /api/v1/posts/feed/5e348e77b171909808662aa1 HTTP/1.1" 200 2020 "http://localhost:4200/home" "Mozilla/5.0 (Windows NT 10.0; Win64; x64) AppleWebKit/537.36 (KHTML, like Gecko) Chrome/79.0.3945.130 Safari/537.36"
::1 - - [03/Feb/2020:23:00:49 +0000] "GET /api/v1/topic/findall HTTP/1.1" 200 434 "http://localhost:4200/home" "Mozilla/5.0 (Windows NT 10.0; Win64; x64) AppleWebKit/537.36 (KHTML, like Gecko) Chrome/79.0.3945.130 Safari/537.36"
::1 - - [03/Feb/2020:23:00:54 +0000] "GET /api/v1/topic/findall HTTP/1.1" 200 434 "http://localhost:4200/home" "Mozilla/5.0 (Windows NT 10.0; Win64; x64) AppleWebKit/537.36 (KHTML, like Gecko) Chrome/79.0.3945.130 Safari/537.36"
::1 - - [03/Feb/2020:23:00:54 +0000] "GET /api/v1/posts/feed/5e348e77b171909808662aa1 HTTP/1.1" 200 2020 "http://localhost:4200/home" "Mozilla/5.0 (Windows NT 10.0; Win64; x64) AppleWebKit/537.36 (KHTML, like Gecko) Chrome/79.0.3945.130 Safari/537.36"
::1 - - [03/Feb/2020:23:00:54 +0000] "GET /api/v1/topic/findall HTTP/1.1" 200 434 "http://localhost:4200/home" "Mozilla/5.0 (Windows NT 10.0; Win64; x64) AppleWebKit/537.36 (KHTML, like Gecko) Chrome/79.0.3945.130 Safari/537.36"
::1 - - [03/Feb/2020:23:03:18 +0000] "POST /api/v1/user/register HTTP/1.1" 200 49 "http://localhost:4200/signup" "Mozilla/5.0 (Windows NT 10.0; Win64; x64) AppleWebKit/537.36 (KHTML, like Gecko) Chrome/79.0.3945.130 Safari/537.36"
::1 - - [03/Feb/2020:23:03:24 +0000] "POST /api/v1/user/register HTTP/1.1" 200 49 "http://localhost:4200/signup" "Mozilla/5.0 (Windows NT 10.0; Win64; x64) AppleWebKit/537.36 (KHTML, like Gecko) Chrome/79.0.3945.130 Safari/537.36"
::1 - - [03/Feb/2020:23:04:02 +0000] "POST /api/v1/user/register HTTP/1.1" 200 79 "http://localhost:4200/signup" "Mozilla/5.0 (Windows NT 10.0; Win64; x64) AppleWebKit/537.36 (KHTML, like Gecko) Chrome/79.0.3945.130 Safari/537.36"
::1 - - [03/Feb/2020:23:04:07 +0000] "POST /api/v1/user/register HTTP/1.1" 200 79 "http://localhost:4200/signup" "Mozilla/5.0 (Windows NT 10.0; Win64; x64) AppleWebKit/537.36 (KHTML, like Gecko) Chrome/79.0.3945.130 Safari/537.36"
::1 - - [03/Feb/2020:23:04:54 +0000] "POST /api/v1/user/register HTTP/1.1" 200 49 "http://localhost:4200/signup" "Mozilla/5.0 (Windows NT 10.0; Win64; x64) AppleWebKit/537.36 (KHTML, like Gecko) Chrome/79.0.3945.130 Safari/537.36"
::1 - - [03/Feb/2020:23:07:03 +0000] "POST /api/v1/user/login HTTP/1.1" 200 44 "-" "Mozilla/5.0 (Windows NT 10.0; Win64; x64) AppleWebKit/537.36 (KHTML, like Gecko) Chrome/79.0.3945.130 Safari/537.36"
::1 - - [03/Feb/2020:23:07:13 +0000] "POST /api/v1/user/login HTTP/1.1" 200 211 "-" "Mozilla/5.0 (Windows NT 10.0; Win64; x64) AppleWebKit/537.36 (KHTML, like Gecko) Chrome/79.0.3945.130 Safari/537.36"
::1 - - [03/Feb/2020:23:07:22 +0000] "POST /api/v1/user/login HTTP/1.1" 200 45 "-" "Mozilla/5.0 (Windows NT 10.0; Win64; x64) AppleWebKit/537.36 (KHTML, like Gecko) Chrome/79.0.3945.130 Safari/537.36"
::1 - - [03/Feb/2020:23:07:28 +0000] "POST /api/v1/user/login HTTP/1.1" 200 226 "-" "Mozilla/5.0 (Windows NT 10.0; Win64; x64) AppleWebKit/537.36 (KHTML, like Gecko) Chrome/79.0.3945.130 Safari/537.36"
::1 - - [03/Feb/2020:23:07:49 +0000] "POST /api/v1/user/login HTTP/1.1" 200 45 "-" "Mozilla/5.0 (Windows NT 10.0; Win64; x64) AppleWebKit/537.36 (KHTML, like Gecko) Chrome/79.0.3945.130 Safari/537.36"
::1 - - [03/Feb/2020:23:07:54 +0000] "POST /api/v1/user/login HTTP/1.1" 200 225 "-" "Mozilla/5.0 (Windows NT 10.0; Win64; x64) AppleWebKit/537.36 (KHTML, like Gecko) Chrome/79.0.3945.130 Safari/537.36"
